<?xml version="1.0" encoding="UTF-8"?>
<!-- Generated by org.testng.reporters.JUnitXMLReporter -->
<testsuite hostname="DESKTOP-0MD5A9U" ignored="0" name="Default test" tests="82" failures="0" timestamp="2020-11-04T10:50:31 PST" time="1489.394" errors="0">
  <testcase name="wedgewood" time="9.741" classname="com.app.scripts.allfacility.TC075_Wedgewood"/>
  <testcase name="marleyneck" time="9.79" classname="com.app.scripts.allfacility.TC056_MarleyNeck"/>
  <testcase name="harrison" time="9.025" classname="com.app.scripts.allfacility.TC047_Harrison"/>
  <testcase name="hollyhill" time="9.466" classname="com.app.scripts.allfacility.TC049_HollyHill"/>
  <testcase name="homestead" time="10.127" classname="com.app.scripts.allfacility.TC050_Homestead"/>
  <testcase name="allenviewhc" time="8.789" classname="com.app.scripts.allfacility.TC003_AllenViewHC"/>
  <testcase name="hagerstown" time="9.565" classname="com.app.scripts.allfacility.TC045_Hagerstown"/>
  <testcase name="copley" time="11.161" classname="com.app.scripts.allfacility.TC023_Copley"/>
  <testcase name="caroleton" time="9.176" classname="com.app.scripts.allfacility.TC017_Caroleton"/>
  <testcase name="dixon" time="9.038" classname="com.app.scripts.allfacility.TC027_Dixon"/>
  <testcase name="indiancreek" time="9.051" classname="com.app.scripts.allfacility.TC051_IndianCreek"/>
  <testcase name="anchorage" time="9.368" classname="com.app.scripts.allfacility.TC019_Chardon"/>
  <testcase name="southwood" time="9.467" classname="com.app.scripts.allfacility.TC070_Southwood"/>
  <testcase name="salemnorth" time="9.066" classname="com.app.scripts.allfacility.TC065_SalemNorth"/>
  <testcase name="wyantwoods" time="11.021" classname="com.app.scripts.allfacility.TC082_WyantWoods"/>
  <testcase name="sellersburg" time="9.431" classname="com.app.scripts.allfacility.TC067_Sellersburg"/>
  <testcase name="lakepointe" time="9.519" classname="com.app.scripts.allfacility.TC054_LakePointe"/>
  <testcase name="greatlakes" time="9.358" classname="com.app.scripts.allfacility.TC039_GreatLakes"/>
  <testcase name="eaglecreek" time="9.326" classname="com.app.scripts.allfacility.TC028_EagleCreek"/>
  <testcase name="mtvernon" time="11.949" classname="com.app.scripts.allfacility.TC057_MtVernon"/>
  <testcase name="anchorage" time="9.98" classname="com.app.scripts.allfacility.TC013_Bridgewater"/>
  <testcase name="worthington" time="9.245" classname="com.app.scripts.allfacility.TC081_Worthington"/>
  <testcase name="burlington" time="9.142" classname="com.app.scripts.allfacility.TC015_Burlington"/>
  <testcase name="cumberland" time="9.305" classname="com.app.scripts.allfacility.TC026_Cumberland"/>
  <testcase name="pebblecreek" time="11.955" classname="com.app.scripts.allfacility.TC061_PebbleCreek"/>
  <testcase name="rollinghills" time="8.939" classname="com.app.scripts.allfacility.TC064_RollingHills"/>
  <testcase name="grandepointe" time="11.628" classname="com.app.scripts.allfacility.TC038_GrandePointe"/>
  <testcase name="greenfield" time="9.593" classname="com.app.scripts.allfacility.TC043_Greenfield"/>
  <testcase name="petersburg" time="9.019" classname="com.app.scripts.allfacility.TC062_Petersburg"/>
  <testcase name="kokomo" time="8.83" classname="com.app.scripts.allfacility.TC053_Kokomo"/>
  <testcase name="forestville" time="10.743" classname="com.app.scripts.allfacility.TC034_Forestville"/>
  <testcase name="greenbriarbdmn" time="10.622" classname="com.app.scripts.allfacility.TC041_GreenbriarBdmn"/>
  <testcase name="holbrook" time="8.974" classname="com.app.scripts.allfacility.TC048_Holbrook"/>
  <testcase name="ellicottcity" time="11.247" classname="com.app.scripts.allfacility.TC029_EllicottCity"/>
  <testcase name="southpointe" time="9.964" classname="com.app.scripts.allfacility.TC069_Southpointe"/>
  <testcase name="fallingwater" time="10.414" classname="com.app.scripts.allfacility.TC032_FallingWater"/>
  <testcase name="fayette" time="11.285" classname="com.app.scripts.allfacility.TC033_Fayette"/>
  <testcase name="laurelwood" time="9.403" classname="com.app.scripts.allfacility.TC055_Laurelwood"/>
  <testcase name="clinton" time="12.441" classname="com.app.scripts.allfacility.TC021_Clinton"/>
  <testcase name="canfield" time="9.032" classname="com.app.scripts.allfacility.TC016_Canfield"/>
  <testcase name="anchorage" time="9.219" classname="com.app.scripts.allfacility.TC014_Brookside"/>
  <testcase name="greenpark" time="11.685" classname="com.app.scripts.allfacility.TC040_GreenPark"/>
  <testcase name="riverside" time="10.348" classname="com.app.scripts.allfacility.TC063_Riverside"/>
  <testcase name="cedars" time="9.199" classname="com.app.scripts.allfacility.TC018_Cedars"/>
  <testcase name="crestwood" time="9.663" classname="com.app.scripts.allfacility.TC024_Crestwood"/>
  <testcase name="southriver" time="9.637" classname="com.app.scripts.allfacility.TC068_SouthRiver"/>
  <testcase name="battlefieldpark" time="9.407" classname="com.app.scripts.allfacility.TC008_BattlefieldPark"/>
  <testcase name="baldwin" time="11.899" classname="com.app.scripts.allfacility.TC007_Baldwin"/>
  <testcase name="crystalcreek" time="10.116" classname="com.app.scripts.allfacility.TC025_CrystalCreek"/>
  <testcase name="willowtree" time="10.487" classname="com.app.scripts.allfacility.TC079_WillowTree"/>
  <testcase name="advancedhc" time="10.025" classname="com.app.scripts.allfacility.TC002_AdvancedHC"/>
  <testcase name="gardenvalley" time="9.289" classname="com.app.scripts.allfacility.TC036_GardenValley"/>
  <testcase name="kensington" time="11.221" classname="com.app.scripts.allfacility.TC052_Kensington"/>
  <testcase name="hanover" time="10.097" classname="com.app.scripts.allfacility.TC046_Hanover"/>
  <testcase name="threerivers" time="8.928" classname="com.app.scripts.allfacility.TC073_ThreeRivers"/>
  <testcase name="wexford" time="12.044" classname="com.app.scripts.allfacility.TC077_Wexford"/>
  <testcase name="allisonpointe" time="9.573" classname="com.app.scripts.allfacility.TC004_AllisonPointe"/>
  <testcase name="addison" time="8.866" classname="com.app.scripts.allfacility.TC001_Addison"/>
  <testcase name="evergreencrossing" time="9.801" classname="com.app.scripts.allfacility.TC031_EvergreenCrossing"/>
  <testcase name="bluepoint" time="11.021" classname="com.app.scripts.allfacility.TC011_BluePoint"/>
  <testcase name="westminster" time="9.69" classname="com.app.scripts.allfacility.TC076_Westminster"/>
  <testcase name="bereaalz" time="9.351" classname="com.app.scripts.allfacility.TC010_BereaAlz"/>
  <testcase name="greenbrierparma" time="10.938" classname="com.app.scripts.allfacility.TC042_GreenbrierParma"/>
  <testcase name="northwest" time="9.503" classname="com.app.scripts.allfacility.TC058_Northwest"/>
  <testcase name="anchorage" time="11.666" classname="com.app.scripts.allfacility.TC005_Anchorage"/>
  <testcase name="bridgeport" time="10.137" classname="com.app.scripts.allfacility.TC012_BridgePort"/>
  <testcase name="evergreen" time="8.686" classname="com.app.scripts.allfacility.TC030_Evergreen"/>
  <testcase name="columbus" time="10.633" classname="com.app.scripts.allfacility.TC022_Columbus"/>
  <testcase name="thepines" time="8.758" classname="com.app.scripts.allfacility.TC072_ThePines"/>
  <testcase name="oxfordhealthcare" time="8.809" classname="com.app.scripts.allfacility.TC060_OxfordHealthcare"/>
  <testcase name="thecolony" time="9.067" classname="com.app.scripts.allfacility.TC071_TheColony"/>
  <testcase name="northwestern" time="9.5" classname="com.app.scripts.allfacility.TC059_Northwestern"/>
  <testcase name="valleyview" time="8.779" classname="com.app.scripts.allfacility.TC074_ValleyView"/>
  <testcase name="wildwood" time="9.608" classname="com.app.scripts.allfacility.TC078_Wildwood"/>
  <testcase name="greenwood" time="9.726" classname="com.app.scripts.allfacility.TC044_Greenwood"/>
  <testcase name="salemwest" time="8.975" classname="com.app.scripts.allfacility.TC066_SalemWest"/>
  <testcase name="grandelake" time="9.062" classname="com.app.scripts.allfacility.TC037_GrandeLake"/>
  <testcase name="ftwashington" time="11.336" classname="com.app.scripts.allfacility.TC035_FtWashington"/>
  <testcase name="belpre" time="9.148" classname="com.app.scripts.allfacility.TC009_BelPre"/>
  <testcase name="woodglen" time="9.394" classname="com.app.scripts.allfacility.TC080_WoodGlen"/>
  <testcase name="annadale" time="9.351" classname="com.app.scripts.allfacility.TC006_Annandale"/>
  <testcase name="anchorage" time="9.67" classname="com.app.scripts.allfacility.TC020_Clifton"/>
</testsuite> <!-- Default test -->
