<?xml version="1.0" encoding="UTF-8"?>
<!-- Generated by org.testng.reporters.JUnitXMLReporter -->
<testsuite hostname="DESKTOP-0MD5A9U" ignored="0" name="Test" tests="16" failures="2" timestamp="2020-11-02T09:27:54 PST" time="512.272" errors="0">
  <testcase name="verifytabledata" time="11.146" classname="com.app.scripts.TC00_VerifyTableData"/>
  <testcase name="verifyCurrentDateAndISNPCheckBox" time="8.682" classname="com.app.scripts.TC001_VerifyDateRangeAnd_INSPCheckbox">
    <failure type="java.lang.AssertionError" message="System local current data and application current date should be same expected [11/02/2020] but found [11/01/2020]">
      <![CDATA[java.lang.AssertionError: System local current data and application current date should be same expected [11/02/2020] but found [11/01/2020]
at com.app.scripts.TC001_VerifyDateRangeAnd_INSPCheckbox.verifyCurrentDateAndISNPCheckBox(TC001_VerifyDateRangeAnd_INSPCheckbox.java:41)
at java.util.ArrayList.forEach(Unknown Source)
... Removed 32 stack frames]]>
    </failure>
  </testcase> <!-- verifyCurrentDateAndISNPCheckBox -->
  <testcase name="verifyLabelAndBreadcrumbTest" time="13.172" classname="com.app.scripts.TC002_VerifyLabelAnd_Breadcrumb">
    <failure type="java.lang.AssertionError" message="Breadcrumb should be display as expected expected [true] but found [false]">
      <![CDATA[java.lang.AssertionError: Breadcrumb should be display as expected expected [true] but found [false]
at com.app.scripts.TC002_VerifyLabelAnd_Breadcrumb.verifyLabelAndBreadcrumbTest(TC002_VerifyLabelAnd_Breadcrumb.java:42)
at java.util.ArrayList.forEach(Unknown Source)
... Removed 30 stack frames]]>
    </failure>
  </testcase> <!-- verifyLabelAndBreadcrumbTest -->
  <testcase name="verifypatientcount" time="22.744" classname="com.app.scripts.TC003_VerifyPatientCount"/>
  <testcase name="verifypatientcount" time="21.959" classname="com.app.scripts.TC004_VerifyDaysofCare"/>
  <testcase name="verifsnfadm" time="22.508" classname="com.app.scripts.TC005_VerifySNFADM"/>
  <testcase name="verifyrth" time="21.974" classname="com.app.scripts.TC006_VerifyRTH"/>
  <testcase name="verifyedslashed" time="21.201" classname="com.app.scripts.TC007_VerifyEDslashED"/>
  <testcase name="verifyachslashadm" time="21.802" classname="com.app.scripts.TC008_VerifyACHslashADM"/>
  <testcase name="verifyhslash1000" time="22.422" classname="com.app.scripts.TC009_VerifyHslash1000"/>
  <testcase name="verifyhslash1000" time="22.594" classname="com.app.scripts.TC010_VerifyEDslash1000"/>
  <testcase name="verifyadmslash1000" time="22.422" classname="com.app.scripts.TC011_VerifyADMslash1000"/>
  <testcase name="verifsnfadm" time="22.667" classname="com.app.scripts.TC012_VerifyPDLTDOC"/>
  <testcase name="verifypatientcount" time="22.709" classname="com.app.scripts.End_date_diff_month"/>
  <testcase name="monthsdifferent" time="23.091" classname="com.app.scripts.Months_different"/>
  <testcase name="verifypatientcount" time="22.714" classname="com.app.scripts.Months_same"/>
</testsuite> <!-- Test -->
