<?xml version="1.0" encoding="UTF-8"?>
<!-- Generated by org.testng.reporters.JUnitXMLReporter -->
<testsuite hostname="DESKTOP-0MD5A9U" ignored="0" name="Test" tests="12" failures="0" timestamp="2020-10-23T10:21:52 PDT" time="361.163" errors="0">
  <testcase name="verifyCurrentDateAndISNPCheckBox" time="9.588" classname="com.app.scripts.TC001_VerifyDateRangeAnd_INSPCheckbox"/>
  <testcase name="verifyLabelAndBreadcrumbTest" time="13.816" classname="com.app.scripts.TC002_VerifyLabelAnd_Breadcrumb"/>
  <testcase name="verifypatientcount" time="21.433" classname="com.app.scripts.TC003_VerifyPatientCount"/>
  <testcase name="verifypatientcount" time="21.226" classname="com.app.scripts.TC004_VerifyDaysofCare"/>
  <testcase name="verifsnfadm" time="22.075" classname="com.app.scripts.TC005_VerifySNFADM"/>
  <testcase name="verifyrth" time="21.256" classname="com.app.scripts.TC006_VerifyRTH"/>
  <testcase name="verifyedslashed" time="19.042" classname="com.app.scripts.TC007_VerifyEDslashED"/>
  <testcase name="verifyachslashadm" time="21.779" classname="com.app.scripts.TC008_VerifyACHslashADM"/>
  <testcase name="verifyhslash1000" time="21.333" classname="com.app.scripts.TC009_VerifyHslash1000"/>
  <testcase name="verifyhslash1000" time="21.296" classname="com.app.scripts.TC010_VerifyEDslash1000"/>
  <testcase name="verifyadmslash1000" time="21.38" classname="com.app.scripts.TC011_VerifyADMslash1000"/>
  <testcase name="verifsnfadm" time="20.956" classname="com.app.scripts.TC012_VerifyPDLTDOC"/>
</testsuite> <!-- Test -->
